<?xml version="1.0" encoding="UTF-8"?>
<!-- Generated by org.testng.reporters.JUnitReportReporter -->
<testsuite hostname="DESKTOP-B87O47C" failures="0" tests="2" name="TestClass.TestLogin" time="17.262" errors="0" timestamp="2021-11-02T23:21:35 IST" skipped="0">
  <testcase classname="TestClass.TestLogin" name="verify" time="5.151"/>
  <system-out/>
  <testcase classname="TestClass.TestLogin" name="verify" time="12.111"/>
  <system-out/>
</testsuite> <!-- TestClass.TestLogin -->
