<?xml version="1.0" encoding="UTF-8"?>
<!-- Generated by org.testng.reporters.JUnitReportReporter -->
<testsuite hostname="DESKTOP-B87O47C" failures="0" tests="2" name="TestClass.MutualFundTest" time="16.606" errors="0" timestamp="2021-11-02T00:28:48 IST" skipped="0">
  <testcase classname="TestClass.MutualFundTest" name="verify" time="7.802"/>
  <system-out/>
  <testcase classname="TestClass.MutualFundTest" name="verify" time="8.804"/>
  <system-out/>
</testsuite> <!-- TestClass.MutualFundTest -->
